  p4b_demo.cpp
E:\Practicals\Practical 4B Quadrics Objects\practical4b_demo\practical4b_demo\p4b_demo.cpp(173,14): warning C4305: 'argument': truncation from 'double' to 'GLfloat'
E:\Practicals\Practical 4B Quadrics Objects\practical4b_demo\practical4b_demo\p4b_demo.cpp(174,11): warning C4305: '+=': truncation from 'double' to 'float'
E:\Practicals\Practical 4B Quadrics Objects\practical4b_demo\practical4b_demo\p4b_demo.cpp(181,24): warning C4305: 'argument': truncation from 'double' to 'GLfloat'
E:\Practicals\Practical 4B Quadrics Objects\practical4b_demo\practical4b_demo\p4b_demo.cpp(184,20): warning C4305: 'argument': truncation from 'double' to 'GLfloat'
E:\Practicals\Practical 4B Quadrics Objects\practical4b_demo\practical4b_demo\p4b_demo.cpp(184,15): warning C4305: 'argument': truncation from 'double' to 'GLfloat'
E:\Practicals\Practical 4B Quadrics Objects\practical4b_demo\practical4b_demo\p4b_demo.cpp(186,19): warning C4305: 'argument': truncation from 'double' to 'GLfloat'
E:\Practicals\Practical 4B Quadrics Objects\practical4b_demo\practical4b_demo\p4b_demo.cpp(186,12): warning C4305: 'argument': truncation from 'double' to 'GLfloat'
E:\Practicals\Practical 4B Quadrics Objects\practical4b_demo\practical4b_demo\p4b_demo.cpp(187,16): warning C4305: 'argument': truncation from 'double' to 'float'
E:\Practicals\Practical 4B Quadrics Objects\practical4b_demo\practical4b_demo\p4b_demo.cpp(190,21): warning C4305: 'argument': truncation from 'double' to 'GLfloat'
E:\Practicals\Practical 4B Quadrics Objects\practical4b_demo\practical4b_demo\p4b_demo.cpp(190,15): warning C4305: 'argument': truncation from 'double' to 'GLfloat'
E:\Practicals\Practical 4B Quadrics Objects\practical4b_demo\practical4b_demo\p4b_demo.cpp(192,19): warning C4305: 'argument': truncation from 'double' to 'GLfloat'
E:\Practicals\Practical 4B Quadrics Objects\practical4b_demo\practical4b_demo\p4b_demo.cpp(192,12): warning C4305: 'argument': truncation from 'double' to 'GLfloat'
E:\Practicals\Practical 4B Quadrics Objects\practical4b_demo\practical4b_demo\p4b_demo.cpp(193,16): warning C4305: 'argument': truncation from 'double' to 'float'
E:\Practicals\Practical 4B Quadrics Objects\practical4b_demo\practical4b_demo\p4b_demo.cpp(199,20): warning C4305: 'argument': truncation from 'double' to 'GLfloat'
E:\Practicals\Practical 4B Quadrics Objects\practical4b_demo\practical4b_demo\p4b_demo.cpp(210,20): warning C4305: 'argument': truncation from 'double' to 'GLfloat'
E:\Practicals\Practical 4B Quadrics Objects\practical4b_demo\practical4b_demo\p4b_demo.cpp(211,18): warning C4305: 'argument': truncation from 'double' to 'GLfloat'
E:\Practicals\Practical 4B Quadrics Objects\practical4b_demo\practical4b_demo\p4b_demo.cpp(212,19): warning C4305: 'argument': truncation from 'double' to 'GLfloat'
E:\Practicals\Practical 4B Quadrics Objects\practical4b_demo\practical4b_demo\p4b_demo.cpp(212,12): warning C4305: 'argument': truncation from 'double' to 'GLfloat'
E:\Practicals\Practical 4B Quadrics Objects\practical4b_demo\practical4b_demo\p4b_demo.cpp(213,27): warning C4305: 'argument': truncation from 'double' to 'float'
E:\Practicals\Practical 4B Quadrics Objects\practical4b_demo\practical4b_demo\p4b_demo.cpp(213,21): warning C4305: 'argument': truncation from 'double' to 'float'
E:\Practicals\Practical 4B Quadrics Objects\practical4b_demo\practical4b_demo\p4b_demo.cpp(213,15): warning C4305: 'argument': truncation from 'double' to 'float'
E:\Practicals\Practical 4B Quadrics Objects\practical4b_demo\practical4b_demo\p4b_demo.cpp(217,20): warning C4305: 'argument': truncation from 'double' to 'GLfloat'
E:\Practicals\Practical 4B Quadrics Objects\practical4b_demo\practical4b_demo\p4b_demo.cpp(218,18): warning C4305: 'argument': truncation from 'double' to 'GLfloat'
E:\Practicals\Practical 4B Quadrics Objects\practical4b_demo\practical4b_demo\p4b_demo.cpp(219,19): warning C4305: 'argument': truncation from 'double' to 'GLfloat'
E:\Practicals\Practical 4B Quadrics Objects\practical4b_demo\practical4b_demo\p4b_demo.cpp(219,12): warning C4305: 'argument': truncation from 'double' to 'GLfloat'
E:\Practicals\Practical 4B Quadrics Objects\practical4b_demo\practical4b_demo\p4b_demo.cpp(220,27): warning C4305: 'argument': truncation from 'double' to 'float'
E:\Practicals\Practical 4B Quadrics Objects\practical4b_demo\practical4b_demo\p4b_demo.cpp(220,21): warning C4305: 'argument': truncation from 'double' to 'float'
E:\Practicals\Practical 4B Quadrics Objects\practical4b_demo\practical4b_demo\p4b_demo.cpp(220,15): warning C4305: 'argument': truncation from 'double' to 'float'
E:\Practicals\Practical 4B Quadrics Objects\practical4b_demo\practical4b_demo\p4b_demo.cpp(224,20): warning C4305: 'argument': truncation from 'double' to 'GLfloat'
E:\Practicals\Practical 4B Quadrics Objects\practical4b_demo\practical4b_demo\p4b_demo.cpp(225,18): warning C4305: 'argument': truncation from 'double' to 'GLfloat'
E:\Practicals\Practical 4B Quadrics Objects\practical4b_demo\practical4b_demo\p4b_demo.cpp(226,19): warning C4305: 'argument': truncation from 'double' to 'GLfloat'
E:\Practicals\Practical 4B Quadrics Objects\practical4b_demo\practical4b_demo\p4b_demo.cpp(226,12): warning C4305: 'argument': truncation from 'double' to 'GLfloat'
E:\Practicals\Practical 4B Quadrics Objects\practical4b_demo\practical4b_demo\p4b_demo.cpp(227,27): warning C4305: 'argument': truncation from 'double' to 'float'
E:\Practicals\Practical 4B Quadrics Objects\practical4b_demo\practical4b_demo\p4b_demo.cpp(227,21): warning C4305: 'argument': truncation from 'double' to 'float'
E:\Practicals\Practical 4B Quadrics Objects\practical4b_demo\practical4b_demo\p4b_demo.cpp(227,15): warning C4305: 'argument': truncation from 'double' to 'float'
E:\Practicals\Practical 4B Quadrics Objects\practical4b_demo\practical4b_demo\p4b_demo.cpp(231,20): warning C4305: 'argument': truncation from 'double' to 'GLfloat'
E:\Practicals\Practical 4B Quadrics Objects\practical4b_demo\practical4b_demo\p4b_demo.cpp(232,19): warning C4305: 'argument': truncation from 'double' to 'GLfloat'
E:\Practicals\Practical 4B Quadrics Objects\practical4b_demo\practical4b_demo\p4b_demo.cpp(232,12): warning C4305: 'argument': truncation from 'double' to 'GLfloat'
E:\Practicals\Practical 4B Quadrics Objects\practical4b_demo\practical4b_demo\p4b_demo.cpp(233,17): warning C4305: 'argument': truncation from 'double' to 'float'
E:\Practicals\Practical 4B Quadrics Objects\practical4b_demo\practical4b_demo\p4b_demo.cpp(233,12): warning C4305: 'argument': truncation from 'double' to 'float'
E:\Practicals\Practical 4B Quadrics Objects\practical4b_demo\practical4b_demo\p4b_demo.cpp(238,18): warning C4305: 'argument': truncation from 'double' to 'GLfloat'
E:\Practicals\Practical 4B Quadrics Objects\practical4b_demo\practical4b_demo\p4b_demo.cpp(238,12): warning C4305: 'argument': truncation from 'double' to 'GLfloat'
E:\Practicals\Practical 4B Quadrics Objects\practical4b_demo\practical4b_demo\p4b_demo.cpp(239,19): warning C4305: 'argument': truncation from 'double' to 'float'
E:\Practicals\Practical 4B Quadrics Objects\practical4b_demo\practical4b_demo\p4b_demo.cpp(239,12): warning C4305: 'argument': truncation from 'double' to 'float'
E:\Practicals\Practical 4B Quadrics Objects\practical4b_demo\practical4b_demo\p4b_demo.cpp(241,16): warning C4305: 'argument': truncation from 'double' to 'float'
E:\Practicals\Practical 4B Quadrics Objects\practical4b_demo\practical4b_demo\p4b_demo.cpp(241,11): warning C4305: 'argument': truncation from 'double' to 'float'
  practical4b_demo.vcxproj -> E:\Practicals\Practical 4B Quadrics Objects\practical4b_demo\x64\Debug\practical4b_demo.exe
