  p3_demo.cpp
E:\Practicals\Practical 3 Geometry transformation Part 2\practical3_demo\practical3_demo\p3_demo.cpp(9,50): warning C4305: 'initializing': truncation from 'double' to 'float'
E:\Practicals\Practical 3 Geometry transformation Part 2\practical3_demo\practical3_demo\p3_demo.cpp(11,27): warning C4305: 'initializing': truncation from 'double' to 'float'
E:\Practicals\Practical 3 Geometry transformation Part 2\practical3_demo\practical3_demo\p3_demo.cpp(12,14): warning C4305: 'initializing': truncation from 'double' to 'float'
E:\Practicals\Practical 3 Geometry transformation Part 2\practical3_demo\practical3_demo\p3_demo.cpp(13,10): warning C4305: 'initializing': truncation from 'double' to 'float'
E:\Practicals\Practical 3 Geometry transformation Part 2\practical3_demo\practical3_demo\p3_demo.cpp(53,14): warning C4305: '+=': truncation from 'double' to 'float'
E:\Practicals\Practical 3 Geometry transformation Part 2\practical3_demo\practical3_demo\p3_demo.cpp(58,14): warning C4305: '-=': truncation from 'double' to 'float'
E:\Practicals\Practical 3 Geometry transformation Part 2\practical3_demo\practical3_demo\p3_demo.cpp(74,10): warning C4305: '+=': truncation from 'double' to 'float'
E:\Practicals\Practical 3 Geometry transformation Part 2\practical3_demo\practical3_demo\p3_demo.cpp(75,10): warning C4305: '+=': truncation from 'double' to 'float'
E:\Practicals\Practical 3 Geometry transformation Part 2\practical3_demo\practical3_demo\p3_demo.cpp(78,10): warning C4305: '-=': truncation from 'double' to 'float'
E:\Practicals\Practical 3 Geometry transformation Part 2\practical3_demo\practical3_demo\p3_demo.cpp(79,10): warning C4305: '-=': truncation from 'double' to 'float'
E:\Practicals\Practical 3 Geometry transformation Part 2\practical3_demo\practical3_demo\p3_demo.cpp(232,17): warning C4244: 'argument': conversion from 'double' to 'GLfloat', possible loss of data
E:\Practicals\Practical 3 Geometry transformation Part 2\practical3_demo\practical3_demo\p3_demo.cpp(235,21): warning C4305: 'argument': truncation from 'double' to 'GLfloat'
E:\Practicals\Practical 3 Geometry transformation Part 2\practical3_demo\practical3_demo\p3_demo.cpp(235,13): warning C4305: 'argument': truncation from 'double' to 'GLfloat'
E:\Practicals\Practical 3 Geometry transformation Part 2\practical3_demo\practical3_demo\p3_demo.cpp(236,21): warning C4305: 'argument': truncation from 'double' to 'GLfloat'
E:\Practicals\Practical 3 Geometry transformation Part 2\practical3_demo\practical3_demo\p3_demo.cpp(236,13): warning C4305: 'argument': truncation from 'double' to 'GLfloat'
E:\Practicals\Practical 3 Geometry transformation Part 2\practical3_demo\practical3_demo\p3_demo.cpp(237,20): warning C4305: 'argument': truncation from 'double' to 'GLfloat'
E:\Practicals\Practical 3 Geometry transformation Part 2\practical3_demo\practical3_demo\p3_demo.cpp(238,20): warning C4305: 'argument': truncation from 'double' to 'GLfloat'
E:\Practicals\Practical 3 Geometry transformation Part 2\practical3_demo\practical3_demo\p3_demo.cpp(239,18): warning C4305: 'argument': truncation from 'double' to 'GLfloat'
E:\Practicals\Practical 3 Geometry transformation Part 2\practical3_demo\practical3_demo\p3_demo.cpp(239,13): warning C4305: 'argument': truncation from 'double' to 'GLfloat'
E:\Practicals\Practical 3 Geometry transformation Part 2\practical3_demo\practical3_demo\p3_demo.cpp(240,18): warning C4305: 'argument': truncation from 'double' to 'GLfloat'
E:\Practicals\Practical 3 Geometry transformation Part 2\practical3_demo\practical3_demo\p3_demo.cpp(240,13): warning C4305: 'argument': truncation from 'double' to 'GLfloat'
E:\Practicals\Practical 3 Geometry transformation Part 2\practical3_demo\practical3_demo\p3_demo.cpp(241,19): warning C4305: 'argument': truncation from 'double' to 'GLfloat'
E:\Practicals\Practical 3 Geometry transformation Part 2\practical3_demo\practical3_demo\p3_demo.cpp(241,13): warning C4305: 'argument': truncation from 'double' to 'GLfloat'
E:\Practicals\Practical 3 Geometry transformation Part 2\practical3_demo\practical3_demo\p3_demo.cpp(242,19): warning C4305: 'argument': truncation from 'double' to 'GLfloat'
E:\Practicals\Practical 3 Geometry transformation Part 2\practical3_demo\practical3_demo\p3_demo.cpp(242,13): warning C4305: 'argument': truncation from 'double' to 'GLfloat'
E:\Practicals\Practical 3 Geometry transformation Part 2\practical3_demo\practical3_demo\p3_demo.cpp(247,19): warning C4305: 'argument': truncation from 'double' to 'GLfloat'
E:\Practicals\Practical 3 Geometry transformation Part 2\practical3_demo\practical3_demo\p3_demo.cpp(250,21): warning C4305: 'argument': truncation from 'double' to 'GLfloat'
E:\Practicals\Practical 3 Geometry transformation Part 2\practical3_demo\practical3_demo\p3_demo.cpp(250,13): warning C4305: 'argument': truncation from 'double' to 'GLfloat'
E:\Practicals\Practical 3 Geometry transformation Part 2\practical3_demo\practical3_demo\p3_demo.cpp(251,21): warning C4305: 'argument': truncation from 'double' to 'GLfloat'
E:\Practicals\Practical 3 Geometry transformation Part 2\practical3_demo\practical3_demo\p3_demo.cpp(251,13): warning C4305: 'argument': truncation from 'double' to 'GLfloat'
E:\Practicals\Practical 3 Geometry transformation Part 2\practical3_demo\practical3_demo\p3_demo.cpp(252,20): warning C4305: 'argument': truncation from 'double' to 'GLfloat'
E:\Practicals\Practical 3 Geometry transformation Part 2\practical3_demo\practical3_demo\p3_demo.cpp(253,20): warning C4305: 'argument': truncation from 'double' to 'GLfloat'
E:\Practicals\Practical 3 Geometry transformation Part 2\practical3_demo\practical3_demo\p3_demo.cpp(254,18): warning C4305: 'argument': truncation from 'double' to 'GLfloat'
E:\Practicals\Practical 3 Geometry transformation Part 2\practical3_demo\practical3_demo\p3_demo.cpp(254,13): warning C4305: 'argument': truncation from 'double' to 'GLfloat'
E:\Practicals\Practical 3 Geometry transformation Part 2\practical3_demo\practical3_demo\p3_demo.cpp(255,18): warning C4305: 'argument': truncation from 'double' to 'GLfloat'
E:\Practicals\Practical 3 Geometry transformation Part 2\practical3_demo\practical3_demo\p3_demo.cpp(255,13): warning C4305: 'argument': truncation from 'double' to 'GLfloat'
E:\Practicals\Practical 3 Geometry transformation Part 2\practical3_demo\practical3_demo\p3_demo.cpp(256,19): warning C4305: 'argument': truncation from 'double' to 'GLfloat'
E:\Practicals\Practical 3 Geometry transformation Part 2\practical3_demo\practical3_demo\p3_demo.cpp(256,13): warning C4305: 'argument': truncation from 'double' to 'GLfloat'
E:\Practicals\Practical 3 Geometry transformation Part 2\practical3_demo\practical3_demo\p3_demo.cpp(257,19): warning C4305: 'argument': truncation from 'double' to 'GLfloat'
E:\Practicals\Practical 3 Geometry transformation Part 2\practical3_demo\practical3_demo\p3_demo.cpp(257,13): warning C4305: 'argument': truncation from 'double' to 'GLfloat'
E:\Practicals\Practical 3 Geometry transformation Part 2\practical3_demo\practical3_demo\p3_demo.cpp(264,18): warning C4305: 'argument': truncation from 'double' to 'GLfloat'
E:\Practicals\Practical 3 Geometry transformation Part 2\practical3_demo\practical3_demo\p3_demo.cpp(265,19): warning C4305: 'argument': truncation from 'double' to 'GLfloat'
E:\Practicals\Practical 3 Geometry transformation Part 2\practical3_demo\practical3_demo\p3_demo.cpp(274,13): warning C4305: 'argument': truncation from 'double' to 'GLfloat'
E:\Practicals\Practical 3 Geometry transformation Part 2\practical3_demo\practical3_demo\p3_demo.cpp(275,13): warning C4305: 'argument': truncation from 'double' to 'GLfloat'
E:\Practicals\Practical 3 Geometry transformation Part 2\practical3_demo\practical3_demo\p3_demo.cpp(276,19): warning C4305: 'argument': truncation from 'double' to 'GLfloat'
E:\Practicals\Practical 3 Geometry transformation Part 2\practical3_demo\practical3_demo\p3_demo.cpp(276,13): warning C4305: 'argument': truncation from 'double' to 'GLfloat'
E:\Practicals\Practical 3 Geometry transformation Part 2\practical3_demo\practical3_demo\p3_demo.cpp(277,19): warning C4305: 'argument': truncation from 'double' to 'GLfloat'
E:\Practicals\Practical 3 Geometry transformation Part 2\practical3_demo\practical3_demo\p3_demo.cpp(277,13): warning C4305: 'argument': truncation from 'double' to 'GLfloat'
E:\Practicals\Practical 3 Geometry transformation Part 2\practical3_demo\practical3_demo\p3_demo.cpp(282,13): warning C4305: 'argument': truncation from 'double' to 'GLfloat'
E:\Practicals\Practical 3 Geometry transformation Part 2\practical3_demo\practical3_demo\p3_demo.cpp(283,13): warning C4305: 'argument': truncation from 'double' to 'GLfloat'
E:\Practicals\Practical 3 Geometry transformation Part 2\practical3_demo\practical3_demo\p3_demo.cpp(284,19): warning C4305: 'argument': truncation from 'double' to 'GLfloat'
E:\Practicals\Practical 3 Geometry transformation Part 2\practical3_demo\practical3_demo\p3_demo.cpp(284,13): warning C4305: 'argument': truncation from 'double' to 'GLfloat'
E:\Practicals\Practical 3 Geometry transformation Part 2\practical3_demo\practical3_demo\p3_demo.cpp(285,19): warning C4305: 'argument': truncation from 'double' to 'GLfloat'
E:\Practicals\Practical 3 Geometry transformation Part 2\practical3_demo\practical3_demo\p3_demo.cpp(285,13): warning C4305: 'argument': truncation from 'double' to 'GLfloat'
E:\Practicals\Practical 3 Geometry transformation Part 2\practical3_demo\practical3_demo\p3_demo.cpp(290,13): warning C4305: 'argument': truncation from 'double' to 'GLfloat'
E:\Practicals\Practical 3 Geometry transformation Part 2\practical3_demo\practical3_demo\p3_demo.cpp(291,20): warning C4305: 'argument': truncation from 'double' to 'GLfloat'
E:\Practicals\Practical 3 Geometry transformation Part 2\practical3_demo\practical3_demo\p3_demo.cpp(291,13): warning C4305: 'argument': truncation from 'double' to 'GLfloat'
E:\Practicals\Practical 3 Geometry transformation Part 2\practical3_demo\practical3_demo\p3_demo.cpp(297,19): warning C4305: 'argument': truncation from 'double' to 'GLfloat'
E:\Practicals\Practical 3 Geometry transformation Part 2\practical3_demo\practical3_demo\p3_demo.cpp(298,19): warning C4305: 'argument': truncation from 'double' to 'GLfloat'
E:\Practicals\Practical 3 Geometry transformation Part 2\practical3_demo\practical3_demo\p3_demo.cpp(298,13): warning C4305: 'argument': truncation from 'double' to 'GLfloat'
E:\Practicals\Practical 3 Geometry transformation Part 2\practical3_demo\practical3_demo\p3_demo.cpp(299,19): warning C4305: 'argument': truncation from 'double' to 'GLfloat'
E:\Practicals\Practical 3 Geometry transformation Part 2\practical3_demo\practical3_demo\p3_demo.cpp(299,13): warning C4305: 'argument': truncation from 'double' to 'GLfloat'
E:\Practicals\Practical 3 Geometry transformation Part 2\practical3_demo\practical3_demo\p3_demo.cpp(300,19): warning C4305: 'argument': truncation from 'double' to 'GLfloat'
E:\Practicals\Practical 3 Geometry transformation Part 2\practical3_demo\practical3_demo\p3_demo.cpp(305,19): warning C4305: 'argument': truncation from 'double' to 'GLfloat'
E:\Practicals\Practical 3 Geometry transformation Part 2\practical3_demo\practical3_demo\p3_demo.cpp(306,19): warning C4305: 'argument': truncation from 'double' to 'GLfloat'
E:\Practicals\Practical 3 Geometry transformation Part 2\practical3_demo\practical3_demo\p3_demo.cpp(306,13): warning C4305: 'argument': truncation from 'double' to 'GLfloat'
E:\Practicals\Practical 3 Geometry transformation Part 2\practical3_demo\practical3_demo\p3_demo.cpp(307,19): warning C4305: 'argument': truncation from 'double' to 'GLfloat'
E:\Practicals\Practical 3 Geometry transformation Part 2\practical3_demo\practical3_demo\p3_demo.cpp(307,13): warning C4305: 'argument': truncation from 'double' to 'GLfloat'
E:\Practicals\Practical 3 Geometry transformation Part 2\practical3_demo\practical3_demo\p3_demo.cpp(308,19): warning C4305: 'argument': truncation from 'double' to 'GLfloat'
E:\Practicals\Practical 3 Geometry transformation Part 2\practical3_demo\practical3_demo\p3_demo.cpp(313,20): warning C4305: 'argument': truncation from 'double' to 'GLfloat'
E:\Practicals\Practical 3 Geometry transformation Part 2\practical3_demo\practical3_demo\p3_demo.cpp(313,13): warning C4305: 'argument': truncation from 'double' to 'GLfloat'
E:\Practicals\Practical 3 Geometry transformation Part 2\practical3_demo\practical3_demo\p3_demo.cpp(318,13): warning C4305: 'argument': truncation from 'double' to 'GLfloat'
E:\Practicals\Practical 3 Geometry transformation Part 2\practical3_demo\practical3_demo\p3_demo.cpp(319,20): warning C4305: 'argument': truncation from 'double' to 'GLfloat'
E:\Practicals\Practical 3 Geometry transformation Part 2\practical3_demo\practical3_demo\p3_demo.cpp(319,13): warning C4305: 'argument': truncation from 'double' to 'GLfloat'
E:\Practicals\Practical 3 Geometry transformation Part 2\practical3_demo\practical3_demo\p3_demo.cpp(325,15): warning C4305: 'argument': truncation from 'double' to 'GLfloat'
E:\Practicals\Practical 3 Geometry transformation Part 2\practical3_demo\practical3_demo\p3_demo.cpp(330,13): warning C4305: 'argument': truncation from 'double' to 'GLfloat'
E:\Practicals\Practical 3 Geometry transformation Part 2\practical3_demo\practical3_demo\p3_demo.cpp(331,18): warning C4305: 'argument': truncation from 'double' to 'GLfloat'
E:\Practicals\Practical 3 Geometry transformation Part 2\practical3_demo\practical3_demo\p3_demo.cpp(331,13): warning C4305: 'argument': truncation from 'double' to 'GLfloat'
E:\Practicals\Practical 3 Geometry transformation Part 2\practical3_demo\practical3_demo\p3_demo.cpp(332,18): warning C4305: 'argument': truncation from 'double' to 'GLfloat'
E:\Practicals\Practical 3 Geometry transformation Part 2\practical3_demo\practical3_demo\p3_demo.cpp(333,19): warning C4305: 'argument': truncation from 'double' to 'GLfloat'
E:\Practicals\Practical 3 Geometry transformation Part 2\practical3_demo\practical3_demo\p3_demo.cpp(333,13): warning C4305: 'argument': truncation from 'double' to 'GLfloat'
E:\Practicals\Practical 3 Geometry transformation Part 2\practical3_demo\practical3_demo\p3_demo.cpp(334,19): warning C4305: 'argument': truncation from 'double' to 'GLfloat'
E:\Practicals\Practical 3 Geometry transformation Part 2\practical3_demo\practical3_demo\p3_demo.cpp(334,13): warning C4305: 'argument': truncation from 'double' to 'GLfloat'
E:\Practicals\Practical 3 Geometry transformation Part 2\practical3_demo\practical3_demo\p3_demo.cpp(335,19): warning C4305: 'argument': truncation from 'double' to 'GLfloat'
E:\Practicals\Practical 3 Geometry transformation Part 2\practical3_demo\practical3_demo\p3_demo.cpp(335,13): warning C4305: 'argument': truncation from 'double' to 'GLfloat'
E:\Practicals\Practical 3 Geometry transformation Part 2\practical3_demo\practical3_demo\p3_demo.cpp(336,19): warning C4305: 'argument': truncation from 'double' to 'GLfloat'
E:\Practicals\Practical 3 Geometry transformation Part 2\practical3_demo\practical3_demo\p3_demo.cpp(336,13): warning C4305: 'argument': truncation from 'double' to 'GLfloat'
E:\Practicals\Practical 3 Geometry transformation Part 2\practical3_demo\practical3_demo\p3_demo.cpp(338,13): warning C4305: 'argument': truncation from 'double' to 'GLfloat'
E:\Practicals\Practical 3 Geometry transformation Part 2\practical3_demo\practical3_demo\p3_demo.cpp(339,13): warning C4305: 'argument': truncation from 'double' to 'GLfloat'
E:\Practicals\Practical 3 Geometry transformation Part 2\practical3_demo\practical3_demo\p3_demo.cpp(340,19): warning C4305: 'argument': truncation from 'double' to 'GLfloat'
E:\Practicals\Practical 3 Geometry transformation Part 2\practical3_demo\practical3_demo\p3_demo.cpp(340,13): warning C4305: 'argument': truncation from 'double' to 'GLfloat'
E:\Practicals\Practical 3 Geometry transformation Part 2\practical3_demo\practical3_demo\p3_demo.cpp(341,19): warning C4305: 'argument': truncation from 'double' to 'GLfloat'
E:\Practicals\Practical 3 Geometry transformation Part 2\practical3_demo\practical3_demo\p3_demo.cpp(341,13): warning C4305: 'argument': truncation from 'double' to 'GLfloat'
E:\Practicals\Practical 3 Geometry transformation Part 2\practical3_demo\practical3_demo\p3_demo.cpp(346,20): warning C4305: 'argument': truncation from 'double' to 'GLfloat'
E:\Practicals\Practical 3 Geometry transformation Part 2\practical3_demo\practical3_demo\p3_demo.cpp(346,15): warning C4305: 'argument': truncation from 'double' to 'GLfloat'
E:\Practicals\Practical 3 Geometry transformation Part 2\practical3_demo\practical3_demo\p3_demo.cpp(351,13): warning C4305: 'argument': truncation from 'double' to 'GLfloat'
E:\Practicals\Practical 3 Geometry transformation Part 2\practical3_demo\practical3_demo\p3_demo.cpp(352,18): warning C4305: 'argument': truncation from 'double' to 'GLfloat'
E:\Practicals\Practical 3 Geometry transformation Part 2\practical3_demo\practical3_demo\p3_demo.cpp(352,13): warning C4305: 'argument': truncation from 'double' to 'GLfloat'
E:\Practicals\Practical 3 Geometry transformation Part 2\practical3_demo\practical3_demo\p3_demo.cpp(353,18): warning C4305: 'argument': truncation from 'double' to 'GLfloat'
E:\Practicals\Practical 3 Geometry transformation Part 2\practical3_demo\practical3_demo\p3_demo.cpp(354,19): warning C4305: 'argument': truncation from 'double' to 'GLfloat'
E:\Practicals\Practical 3 Geometry transformation Part 2\practical3_demo\practical3_demo\p3_demo.cpp(354,13): warning C4305: 'argument': truncation from 'double' to 'GLfloat'
E:\Practicals\Practical 3 Geometry transformation Part 2\practical3_demo\practical3_demo\p3_demo.cpp(355,19): warning C4305: 'argument': truncation from 'double' to 'GLfloat'
E:\Practicals\Practical 3 Geometry transformation Part 2\practical3_demo\practical3_demo\p3_demo.cpp(355,13): warning C4305: 'argument': truncation from 'double' to 'GLfloat'
E:\Practicals\Practical 3 Geometry transformation Part 2\practical3_demo\practical3_demo\p3_demo.cpp(356,19): warning C4305: 'argument': truncation from 'double' to 'GLfloat'
E:\Practicals\Practical 3 Geometry transformation Part 2\practical3_demo\practical3_demo\p3_demo.cpp(356,13): warning C4305: 'argument': truncation from 'double' to 'GLfloat'
E:\Practicals\Practical 3 Geometry transformation Part 2\practical3_demo\practical3_demo\p3_demo.cpp(357,19): warning C4305: 'argument': truncation from 'double' to 'GLfloat'
E:\Practicals\Practical 3 Geometry transformation Part 2\practical3_demo\practical3_demo\p3_demo.cpp(357,13): warning C4305: 'argument': truncation from 'double' to 'GLfloat'
E:\Practicals\Practical 3 Geometry transformation Part 2\practical3_demo\practical3_demo\p3_demo.cpp(359,13): warning C4305: 'argument': truncation from 'double' to 'GLfloat'
E:\Practicals\Practical 3 Geometry transformation Part 2\practical3_demo\practical3_demo\p3_demo.cpp(360,13): warning C4305: 'argument': truncation from 'double' to 'GLfloat'
E:\Practicals\Practical 3 Geometry transformation Part 2\practical3_demo\practical3_demo\p3_demo.cpp(361,19): warning C4305: 'argument': truncation from 'double' to 'GLfloat'
E:\Practicals\Practical 3 Geometry transformation Part 2\practical3_demo\practical3_demo\p3_demo.cpp(361,13): warning C4305: 'argument': truncation from 'double' to 'GLfloat'
E:\Practicals\Practical 3 Geometry transformation Part 2\practical3_demo\practical3_demo\p3_demo.cpp(362,19): warning C4305: 'argument': truncation from 'double' to 'GLfloat'
E:\Practicals\Practical 3 Geometry transformation Part 2\practical3_demo\practical3_demo\p3_demo.cpp(362,13): warning C4305: 'argument': truncation from 'double' to 'GLfloat'
E:\Practicals\Practical 3 Geometry transformation Part 2\practical3_demo\practical3_demo\p3_demo.cpp(367,15): warning C4305: 'argument': truncation from 'double' to 'GLfloat'
E:\Practicals\Practical 3 Geometry transformation Part 2\practical3_demo\practical3_demo\p3_demo.cpp(372,13): warning C4305: 'argument': truncation from 'double' to 'GLfloat'
E:\Practicals\Practical 3 Geometry transformation Part 2\practical3_demo\practical3_demo\p3_demo.cpp(373,18): warning C4305: 'argument': truncation from 'double' to 'GLfloat'
E:\Practicals\Practical 3 Geometry transformation Part 2\practical3_demo\practical3_demo\p3_demo.cpp(373,13): warning C4305: 'argument': truncation from 'double' to 'GLfloat'
E:\Practicals\Practical 3 Geometry transformation Part 2\practical3_demo\practical3_demo\p3_demo.cpp(374,18): warning C4305: 'argument': truncation from 'double' to 'GLfloat'
E:\Practicals\Practical 3 Geometry transformation Part 2\practical3_demo\practical3_demo\p3_demo.cpp(375,19): warning C4305: 'argument': truncation from 'double' to 'GLfloat'
E:\Practicals\Practical 3 Geometry transformation Part 2\practical3_demo\practical3_demo\p3_demo.cpp(375,13): warning C4305: 'argument': truncation from 'double' to 'GLfloat'
E:\Practicals\Practical 3 Geometry transformation Part 2\practical3_demo\practical3_demo\p3_demo.cpp(376,19): warning C4305: 'argument': truncation from 'double' to 'GLfloat'
E:\Practicals\Practical 3 Geometry transformation Part 2\practical3_demo\practical3_demo\p3_demo.cpp(376,13): warning C4305: 'argument': truncation from 'double' to 'GLfloat'
E:\Practicals\Practical 3 Geometry transformation Part 2\practical3_demo\practical3_demo\p3_demo.cpp(377,19): warning C4305: 'argument': truncation from 'double' to 'GLfloat'
E:\Practicals\Practical 3 Geometry transformation Part 2\practical3_demo\practical3_demo\p3_demo.cpp(377,13): warning C4305: 'argument': truncation from 'double' to 'GLfloat'
E:\Practicals\Practical 3 Geometry transformation Part 2\practical3_demo\practical3_demo\p3_demo.cpp(378,19): warning C4305: 'argument': truncation from 'double' to 'GLfloat'
E:\Practicals\Practical 3 Geometry transformation Part 2\practical3_demo\practical3_demo\p3_demo.cpp(378,13): warning C4305: 'argument': truncation from 'double' to 'GLfloat'
E:\Practicals\Practical 3 Geometry transformation Part 2\practical3_demo\practical3_demo\p3_demo.cpp(380,13): warning C4305: 'argument': truncation from 'double' to 'GLfloat'
E:\Practicals\Practical 3 Geometry transformation Part 2\practical3_demo\practical3_demo\p3_demo.cpp(381,13): warning C4305: 'argument': truncation from 'double' to 'GLfloat'
E:\Practicals\Practical 3 Geometry transformation Part 2\practical3_demo\practical3_demo\p3_demo.cpp(382,19): warning C4305: 'argument': truncation from 'double' to 'GLfloat'
E:\Practicals\Practical 3 Geometry transformation Part 2\practical3_demo\practical3_demo\p3_demo.cpp(382,13): warning C4305: 'argument': truncation from 'double' to 'GLfloat'
E:\Practicals\Practical 3 Geometry transformation Part 2\practical3_demo\practical3_demo\p3_demo.cpp(383,19): warning C4305: 'argument': truncation from 'double' to 'GLfloat'
E:\Practicals\Practical 3 Geometry transformation Part 2\practical3_demo\practical3_demo\p3_demo.cpp(383,13): warning C4305: 'argument': truncation from 'double' to 'GLfloat'
E:\Practicals\Practical 3 Geometry transformation Part 2\practical3_demo\practical3_demo\p3_demo.cpp(388,20): warning C4305: 'argument': truncation from 'double' to 'GLfloat'
E:\Practicals\Practical 3 Geometry transformation Part 2\practical3_demo\practical3_demo\p3_demo.cpp(393,13): warning C4305: 'argument': truncation from 'double' to 'GLfloat'
E:\Practicals\Practical 3 Geometry transformation Part 2\practical3_demo\practical3_demo\p3_demo.cpp(394,18): warning C4305: 'argument': truncation from 'double' to 'GLfloat'
E:\Practicals\Practical 3 Geometry transformation Part 2\practical3_demo\practical3_demo\p3_demo.cpp(394,13): warning C4305: 'argument': truncation from 'double' to 'GLfloat'
E:\Practicals\Practical 3 Geometry transformation Part 2\practical3_demo\practical3_demo\p3_demo.cpp(395,18): warning C4305: 'argument': truncation from 'double' to 'GLfloat'
E:\Practicals\Practical 3 Geometry transformation Part 2\practical3_demo\practical3_demo\p3_demo.cpp(396,19): warning C4305: 'argument': truncation from 'double' to 'GLfloat'
E:\Practicals\Practical 3 Geometry transformation Part 2\practical3_demo\practical3_demo\p3_demo.cpp(396,13): warning C4305: 'argument': truncation from 'double' to 'GLfloat'
E:\Practicals\Practical 3 Geometry transformation Part 2\practical3_demo\practical3_demo\p3_demo.cpp(397,19): warning C4305: 'argument': truncation from 'double' to 'GLfloat'
E:\Practicals\Practical 3 Geometry transformation Part 2\practical3_demo\practical3_demo\p3_demo.cpp(397,13): warning C4305: 'argument': truncation from 'double' to 'GLfloat'
E:\Practicals\Practical 3 Geometry transformation Part 2\practical3_demo\practical3_demo\p3_demo.cpp(398,19): warning C4305: 'argument': truncation from 'double' to 'GLfloat'
E:\Practicals\Practical 3 Geometry transformation Part 2\practical3_demo\practical3_demo\p3_demo.cpp(398,13): warning C4305: 'argument': truncation from 'double' to 'GLfloat'
E:\Practicals\Practical 3 Geometry transformation Part 2\practical3_demo\practical3_demo\p3_demo.cpp(399,19): warning C4305: 'argument': truncation from 'double' to 'GLfloat'
E:\Practicals\Practical 3 Geometry transformation Part 2\practical3_demo\practical3_demo\p3_demo.cpp(399,13): warning C4305: 'argument': truncation from 'double' to 'GLfloat'
E:\Practicals\Practical 3 Geometry transformation Part 2\practical3_demo\practical3_demo\p3_demo.cpp(401,13): warning C4305: 'argument': truncation from 'double' to 'GLfloat'
E:\Practicals\Practical 3 Geometry transformation Part 2\practical3_demo\practical3_demo\p3_demo.cpp(402,13): warning C4305: 'argument': truncation from 'double' to 'GLfloat'
E:\Practicals\Practical 3 Geometry transformation Part 2\practical3_demo\practical3_demo\p3_demo.cpp(403,19): warning C4305: 'argument': truncation from 'double' to 'GLfloat'
E:\Practicals\Practical 3 Geometry transformation Part 2\practical3_demo\practical3_demo\p3_demo.cpp(403,13): warning C4305: 'argument': truncation from 'double' to 'GLfloat'
E:\Practicals\Practical 3 Geometry transformation Part 2\practical3_demo\practical3_demo\p3_demo.cpp(404,19): warning C4305: 'argument': truncation from 'double' to 'GLfloat'
E:\Practicals\Practical 3 Geometry transformation Part 2\practical3_demo\practical3_demo\p3_demo.cpp(404,13): warning C4305: 'argument': truncation from 'double' to 'GLfloat'
E:\Practicals\Practical 3 Geometry transformation Part 2\practical3_demo\practical3_demo\p3_demo.cpp(417,22): warning C4305: 'argument': truncation from 'double' to 'GLfloat'
E:\Practicals\Practical 3 Geometry transformation Part 2\practical3_demo\practical3_demo\p3_demo.cpp(417,15): warning C4305: 'argument': truncation from 'double' to 'GLfloat'
E:\Practicals\Practical 3 Geometry transformation Part 2\practical3_demo\practical3_demo\p3_demo.cpp(420,17): warning C4305: 'argument': truncation from 'double' to 'GLfloat'
E:\Practicals\Practical 3 Geometry transformation Part 2\practical3_demo\practical3_demo\p3_demo.cpp(420,12): warning C4305: 'argument': truncation from 'double' to 'GLfloat'
E:\Practicals\Practical 3 Geometry transformation Part 2\practical3_demo\practical3_demo\p3_demo.cpp(422,18): warning C4305: 'argument': truncation from 'double' to 'GLfloat'
E:\Practicals\Practical 3 Geometry transformation Part 2\practical3_demo\practical3_demo\p3_demo.cpp(423,19): warning C4305: 'argument': truncation from 'double' to 'GLfloat'
E:\Practicals\Practical 3 Geometry transformation Part 2\practical3_demo\practical3_demo\p3_demo.cpp(426,18): warning C4305: 'argument': truncation from 'double' to 'GLfloat'
E:\Practicals\Practical 3 Geometry transformation Part 2\practical3_demo\practical3_demo\p3_demo.cpp(427,19): warning C4305: 'argument': truncation from 'double' to 'GLfloat'
E:\Practicals\Practical 3 Geometry transformation Part 2\practical3_demo\practical3_demo\p3_demo.cpp(431,13): warning C4305: 'argument': truncation from 'double' to 'GLfloat'
E:\Practicals\Practical 3 Geometry transformation Part 2\practical3_demo\practical3_demo\p3_demo.cpp(432,13): warning C4305: 'argument': truncation from 'double' to 'GLfloat'
E:\Practicals\Practical 3 Geometry transformation Part 2\practical3_demo\practical3_demo\p3_demo.cpp(435,13): warning C4305: 'argument': truncation from 'double' to 'GLfloat'
E:\Practicals\Practical 3 Geometry transformation Part 2\practical3_demo\practical3_demo\p3_demo.cpp(436,13): warning C4305: 'argument': truncation from 'double' to 'GLfloat'
E:\Practicals\Practical 3 Geometry transformation Part 2\practical3_demo\practical3_demo\p3_demo.cpp(441,18): warning C4305: 'argument': truncation from 'double' to 'GLfloat'
E:\Practicals\Practical 3 Geometry transformation Part 2\practical3_demo\practical3_demo\p3_demo.cpp(442,18): warning C4305: 'argument': truncation from 'double' to 'GLfloat'
E:\Practicals\Practical 3 Geometry transformation Part 2\practical3_demo\practical3_demo\p3_demo.cpp(448,18): warning C4305: 'argument': truncation from 'double' to 'GLfloat'
E:\Practicals\Practical 3 Geometry transformation Part 2\practical3_demo\practical3_demo\p3_demo.cpp(449,19): warning C4305: 'argument': truncation from 'double' to 'GLfloat'
E:\Practicals\Practical 3 Geometry transformation Part 2\practical3_demo\practical3_demo\p3_demo.cpp(456,13): warning C4305: 'argument': truncation from 'double' to 'GLfloat'
E:\Practicals\Practical 3 Geometry transformation Part 2\practical3_demo\practical3_demo\p3_demo.cpp(457,13): warning C4305: 'argument': truncation from 'double' to 'GLfloat'
E:\Practicals\Practical 3 Geometry transformation Part 2\practical3_demo\practical3_demo\p3_demo.cpp(463,13): warning C4305: 'argument': truncation from 'double' to 'GLfloat'
E:\Practicals\Practical 3 Geometry transformation Part 2\practical3_demo\practical3_demo\p3_demo.cpp(464,13): warning C4305: 'argument': truncation from 'double' to 'GLfloat'
E:\Practicals\Practical 3 Geometry transformation Part 2\practical3_demo\practical3_demo\p3_demo.cpp(470,20): warning C4305: 'argument': truncation from 'double' to 'GLfloat'
E:\Practicals\Practical 3 Geometry transformation Part 2\practical3_demo\practical3_demo\p3_demo.cpp(470,13): warning C4305: 'argument': truncation from 'double' to 'GLfloat'
  practical3_demo.vcxproj -> E:\Practicals\Practical 3 Geometry transformation Part 2\practical3_demo\x64\Debug\practical3_demo.exe
